{"level":"info","message":"Express server running","service":"user-service","timestamp":"2025-05-16T09:59:57.549Z"}
{"level":"info","message":"Express server running","service":"user-service","timestamp":"2025-05-16T11:00:27.774Z"}
{"level":"info","message":"Express server running","service":"user-service","timestamp":"2025-05-16T11:18:15.910Z"}
{"level":"info","message":"Express server running","service":"user-service","timestamp":"2025-05-16T11:27:47.466Z"}
{"level":"info","message":"Express server running","service":"user-service","timestamp":"2025-05-16T11:48:42.581Z"}
{"level":"info","message":"Express server running","service":"user-service","timestamp":"2025-05-16T12:07:42.749Z"}
{"level":"info","message":"Express server running","service":"user-service","timestamp":"2025-05-16T12:25:42.054Z"}
{"level":"error","message":"Express Server failure","service":"user-service","timestamp":"2025-05-16T12:56:32.932Z"}
{"level":"error","service":"user-service","timestamp":"2025-05-16T12:56:32.939Z"}
{"level":"info","message":"Express server running","service":"user-service","timestamp":"2025-05-16T12:56:56.803Z"}
{"level":"info","message":"Express server running","service":"user-service","timestamp":"2025-05-16T14:22:56.172Z"}
{"level":"info","message":"Express server running","service":"user-service","timestamp":"2025-05-16T14:34:48.491Z"}
{"level":"info","message":"Express server running","service":"user-service","timestamp":"2025-05-16T14:40:47.919Z"}
{"level":"info","message":"Express server running","service":"user-service","timestamp":"2025-05-16T14:42:40.617Z"}
{"level":"info","message":"Express server running","service":"user-service","timestamp":"2025-05-16T14:46:15.844Z"}
{"level":"info","message":"Express server running","service":"user-service","timestamp":"2025-05-16T15:11:35.969Z"}
{"level":"info","message":"Express server running","service":"user-service","timestamp":"2025-05-16T15:16:30.174Z"}
{"level":"info","message":"Express server running","service":"user-service","timestamp":"2025-05-16T15:20:03.408Z"}
{"level":"info","message":"Express server running","service":"user-service","timestamp":"2025-05-16T15:24:22.977Z"}
{"level":"error","message":"failed to start Express Server","service":"user-service","timestamp":"2025-05-16T17:03:14.589Z"}
{"level":"info","message":"Express server running","service":"user-service","timestamp":"2025-05-16T17:03:14.612Z"}
{"level":"info","message":"Express server running","service":"user-service","timestamp":"2025-05-16T17:03:53.399Z"}
{"level":"info","message":"Express server running","service":"user-service","timestamp":"2025-05-16T17:10:14.490Z"}
{"level":"info","message":"Express server running","service":"user-service","timestamp":"2025-05-16T17:21:01.652Z"}
{"level":"info","message":"Express server running","service":"user-service","timestamp":"2025-05-16T17:22:44.425Z"}
{"level":"info","message":"Express server running","service":"user-service","timestamp":"2025-05-16T17:28:01.898Z"}
{"level":"info","message":"Express server running","service":"user-service","timestamp":"2025-05-17T07:59:25.237Z"}
{"level":"info","message":"Express server running","service":"user-service","timestamp":"2025-05-17T10:51:00.396Z"}
{"level":"info","message":"Express server running","service":"user-service","timestamp":"2025-05-17T15:10:03.036Z"}
{"level":"info","message":"Express server running","service":"user-service","timestamp":"2025-05-17T15:33:09.358Z"}
{"level":"info","message":"Express server running","service":"user-service","timestamp":"2025-05-17T15:48:03.667Z"}
{"level":"info","message":"Express server running","service":"user-service","timestamp":"2025-05-17T15:50:48.383Z"}
{"level":"info","message":"Express server running","service":"user-service","timestamp":"2025-05-17T15:51:56.256Z"}
{"level":"info","message":"Express server running","service":"user-service","timestamp":"2025-05-17T15:56:57.977Z"}
{"level":"info","message":"Express server running","service":"user-service","timestamp":"2025-05-17T16:02:51.824Z"}
{"level":"info","message":"Express server running","service":"user-service","timestamp":"2025-05-17T16:05:27.329Z"}
{"level":"info","message":"Express server running","service":"user-service","timestamp":"2025-05-17T16:10:03.956Z"}
{"level":"info","message":"Express server running","service":"user-service","timestamp":"2025-05-17T16:11:06.680Z"}
{"cc":"UA","country":"Ukraine","ip":"46.150.65.200","level":"info","message":"myip.com response:","service":"user-service","timestamp":"2025-05-17T16:11:09.115Z"}
{"level":"info","message":"Express server running","service":"user-service","timestamp":"2025-05-17T17:31:35.415Z"}
{"level":"info","message":"Express server running","service":"user-service","timestamp":"2025-05-17T17:35:15.217Z"}
{"level":"info","message":"Express server running","service":"user-service","timestamp":"2025-05-17T17:38:35.288Z"}
{"level":"info","message":"Express server running","service":"user-service","timestamp":"2025-05-17T17:46:34.680Z"}
{"level":"info","message":"Express server running","service":"user-service","timestamp":"2025-05-17T17:49:45.044Z"}
